2025-12-12 01:33:37,506 - root - INFO - Real-time log viewer initialized.
2025-12-12 01:33:47,817 - src.hoopland.blocks.generator - INFO - Generating NBA league for year: 2016
2025-12-12 01:33:47,836 - src.hoopland.data.repository - INFO - Fetching NBA season 2015-16 from API (not in cache)...
2025-12-12 01:33:47,980 - src.hoopland.data.repository - INFO - Processing 476 players for season 2015-16...
2025-12-12 01:33:48,096 - src.hoopland.data.repository - INFO - Processed 100/476 players for 2015-16...
2025-12-12 01:33:48,191 - src.hoopland.data.repository - INFO - Processed 200/476 players for 2015-16...
2025-12-12 01:33:48,313 - src.hoopland.data.repository - INFO - Processed 300/476 players for 2015-16...
2025-12-12 01:33:48,426 - src.hoopland.data.repository - INFO - Processed 400/476 players for 2015-16...
2025-12-12 01:33:48,525 - src.hoopland.data.repository - INFO - Season 2015-16 sync complete: 476 players stored in database.
2025-12-12 01:33:48,539 - src.hoopland.data.repository - INFO - Syncing NBA roster metadata for 2015-16...
2025-12-12 01:33:48,573 - src.hoopland.data.repository - INFO - Found 30 teams to sync rosters for season 2015-16.
2025-12-12 01:33:48,617 - src.hoopland.data.repository - INFO - Syncing roster 1/30 (Team 1610612755)...
2025-12-12 01:33:49,852 - src.hoopland.data.repository - INFO - Roster Keys: ['TeamID', 'SEASON', 'LeagueID', 'PLAYER', 'NICKNAME', 'PLAYER_SLUG', 'NUM', 'POSITION', 'HEIGHT', 'WEIGHT', 'BIRTH_DATE', 'AGE', 'EXP', 'SCHOOL', 'PLAYER_ID', 'HOW_ACQUIRED']
2025-12-12 01:33:49,914 - src.hoopland.data.repository - INFO - Syncing roster 2/30 (Team 1610612741)...
2025-12-12 01:33:51,200 - src.hoopland.data.repository - INFO - Syncing roster 3/30 (Team 1610612749)...
2025-12-12 01:33:52,449 - src.hoopland.data.repository - INFO - Syncing roster 4/30 (Team 1610612744)...
2025-12-12 01:33:53,714 - src.hoopland.data.repository - INFO - Syncing roster 5/30 (Team 1610612756)...
2025-12-12 01:33:54,946 - src.hoopland.data.repository - INFO - Syncing roster 6/30 (Team 1610612763)...
2025-12-12 01:33:56,223 - src.hoopland.data.repository - INFO - Syncing roster 7/30 (Team 1610612765)...
2025-12-12 01:33:57,484 - src.hoopland.data.repository - INFO - Syncing roster 8/30 (Team 1610612752)...
2025-12-12 01:33:58,758 - src.hoopland.data.repository - INFO - Syncing roster 9/30 (Team 1610612743)...
2025-12-12 01:34:00,010 - src.hoopland.data.repository - INFO - Syncing roster 10/30 (Team 1610612753)...
2025-12-12 01:34:01,280 - src.hoopland.data.repository - INFO - Syncing roster 11/30 (Team 1610612745)...
2025-12-12 01:34:02,457 - src.hoopland.data.repository - INFO - Syncing roster 12/30 (Team 1610612748)...
2025-12-12 01:34:03,747 - src.hoopland.data.repository - INFO - Syncing roster 13/30 (Team 1610612740)...
2025-12-12 01:34:05,792 - src.hoopland.data.repository - INFO - Syncing roster 14/30 (Team 1610612746)...
2025-12-12 01:34:07,074 - src.hoopland.data.repository - INFO - Syncing roster 15/30 (Team 1610612766)...
2025-12-12 01:34:08,373 - src.hoopland.data.repository - INFO - Syncing roster 16/30 (Team 1610612742)...
2025-12-12 01:34:09,638 - src.hoopland.data.repository - INFO - Syncing roster 17/30 (Team 1610612760)...
2025-12-12 01:34:10,904 - src.hoopland.data.repository - INFO - Syncing roster 18/30 (Team 1610612757)...
2025-12-12 01:34:12,173 - src.hoopland.data.repository - INFO - Syncing roster 19/30 (Team 1610612737)...
2025-12-12 01:34:14,817 - src.hoopland.data.repository - INFO - Syncing roster 20/30 (Team 1610612764)...
2025-12-12 01:34:16,089 - src.hoopland.data.repository - INFO - Syncing roster 21/30 (Team 1610612738)...
2025-12-12 01:34:17,353 - src.hoopland.data.repository - INFO - Syncing roster 22/30 (Team 1610612751)...
2025-12-12 01:34:18,714 - src.hoopland.data.repository - INFO - Syncing roster 23/30 (Team 1610612754)...
2025-12-12 01:34:20,030 - src.hoopland.data.repository - INFO - Syncing roster 24/30 (Team 1610612758)...
2025-12-12 01:34:21,342 - src.hoopland.data.repository - INFO - Syncing roster 25/30 (Team 1610612759)...
2025-12-12 01:34:22,498 - src.hoopland.data.repository - INFO - Syncing roster 26/30 (Team 1610612761)...
2025-12-12 01:34:23,775 - src.hoopland.data.repository - INFO - Syncing roster 27/30 (Team 1610612762)...
2025-12-12 01:34:25,457 - src.hoopland.data.repository - INFO - Syncing roster 28/30 (Team 1610612750)...
2025-12-12 01:34:30,079 - src.hoopland.data.repository - INFO - Syncing roster 29/30 (Team 1610612747)...
2025-12-12 01:34:31,332 - src.hoopland.data.repository - INFO - Syncing roster 30/30 (Team 1610612739)...
2025-12-12 01:34:32,714 - src.hoopland.data.repository - INFO - Roster metadata sync complete for 2015-16.
2025-12-12 01:34:32,714 - src.hoopland.blocks.generator - INFO - Backfilling appearance data...
2025-12-12 01:34:32,748 - src.hoopland.data.repository - INFO - Found 476 players missing appearance data.
2025-12-12 01:34:33,360 - src.hoopland.cv.mapping_loader - INFO - Loaded appearance mapping: {'version': '2.0', 'description': 'Comprehensive 0-indexed appearance mapping for Hoopland V2 Generator CV Engine', 'total_styles': 173}
2025-12-12 01:34:39,515 - src.hoopland.data.repository - INFO - Backfilled appearance for 50/476 players...
2025-12-12 01:34:46,491 - src.hoopland.data.repository - INFO - Backfilled appearance for 100/476 players...
2025-12-12 01:34:52,222 - src.hoopland.data.repository - INFO - Backfilled appearance for 150/476 players...
2025-12-12 01:34:58,926 - src.hoopland.data.repository - INFO - Backfilled appearance for 200/476 players...
2025-12-12 01:35:05,030 - src.hoopland.data.repository - INFO - Backfilled appearance for 250/476 players...
2025-12-12 01:35:10,647 - src.hoopland.data.repository - INFO - Backfilled appearance for 300/476 players...
2025-12-12 01:35:16,462 - src.hoopland.data.repository - INFO - Backfilled appearance for 350/476 players...
2025-12-12 01:35:22,950 - src.hoopland.data.repository - INFO - Backfilled appearance for 400/476 players...
2025-12-12 01:35:29,088 - src.hoopland.data.repository - INFO - Backfilled appearance for 450/476 players...
2025-12-12 01:35:32,532 - src.hoopland.blocks.generator - INFO - Fetched 476 players from database.
